Numero1Contructor1Numero1Contructor1sacra tipo1sisas
1
setetadoInicio records
Registro hecho
Numero1Contructor1Numero1Contructor1Numero1Contructor1sacra tipo1sisas0setetadoInicio records
Registro hecho
Numero1Contructor1sacra tipo1sisas0setetadoInicio records
Registro hecho
Numero1Contructor1Numero1Contructor1Numero1Contructor1sacra tipo1sisas1setetadoInicio records
Registro hecho
Numero1Contructor1Numero1Contructor1sacra tipo1sisas1setetadoInicio records
Registro hecho
Numero2Contructor2Numero2Contructor2sacra tipo2sisas1setetadoInicio records
Registro hecho
Numero2Contructor2sacra tipo2sisas1Numero2Contructor2sacra tipo2sisas1Numero2Contructor2sacra tipo2sisas1setetadoInicio records
Registro hecho
Numero2Contructor2sacra tipo2sisas1Numero2Contructor2sacra tipo2sisas1setetadoInicio records
Registro hecho
Numero2Contructor2sacra tipo2sisas1setetadoInicio records
Registro hecho
Numero2Contructor2sacra tipo2sisas1