integrantes: Array
(
    [1] => Array
        (
            [rolParticipante] => Madre
            [tipoDoc] => 1
            [numeroDoc] => 123
            [primerNombre] => Daniel
            [segundoNombre] => asd
            [primerApellido] => godoy
            [segundoApellido] => duran
        )

    [2] => Array
        (
            [rolParticipante] => Padre
            [tipoDoc] => 1
            [numeroDoc] => 1023
            [primerNombre] => Daniel
            [segundoNombre] => 
            [primerApellido] => godoy
            [segundoApellido] => 
        )

    [3] => Array
        (
            [rolParticipante] => Padrino
            [tipoDoc] => 4
            [numeroDoc] => 789
            [primerNombre] => as123da
            [segundoNombre] => 
            [primerApellido] => 123sd
            [segundoApellido] => 
        )

    [4] => Array
        (
            [rolParticipante] => Madrina
            [tipoDoc] => 1
            [numeroDoc] => 10233
            [primerNombre] => asd
            [segundoNombre] => 
            [primerApellido] => asdasfq
            [segundoApellido] => 
        )

)
Procesando integrante: Array
(
    [rolParticipante] => Madre
    [tipoDoc] => 1
    [numeroDoc] => 123
    [primerNombre] => Daniel
    [segundoNombre] => asd
    [primerApellido] => godoy
    [segundoApellido] => duran
)
Participante user : Array
(
    [success] => 1
    [id] => 1
)
creado user :  1doc : Procesando integrante: Array
(
    [rolParticipante] => Padre
    [tipoDoc] => 1
    [numeroDoc] => 1023
    [primerNombre] => Daniel
    [segundoNombre] => 
    [primerApellido] => godoy
    [segundoApellido] => 
)
Participante user : Array
(
    [success] => 1
    [id] => 2
)
creado user :  2doc : Array
(
    [status] => success
    [message] => Feligres registrado correctamente
)
Procesando integrante: Array
(
    [rolParticipante] => Padrino
    [tipoDoc] => 4
    [numeroDoc] => 789
    [primerNombre] => as123da
    [segundoNombre] => 
    [primerApellido] => 123sd
    [segundoApellido] => 
)
Participante user : Array
(
    [success] => 1
    [id] => 3
)
creado user :  3doc : Array
(
    [status] => success
    [message] => Feligres registrado correctamente
)
Procesando integrante: Array
(
    [rolParticipante] => Madrina
    [tipoDoc] => 1
    [numeroDoc] => 10233
    [primerNombre] => asd
    [segundoNombre] => 
    [primerApellido] => asdasfq
    [segundoApellido] => 
)
Participante user : Array
(
    [success] => 1
    [id] => 4
)
creado user :  4doc : Array
(
    [status] => success
    [message] => Feligres registrado correctamente
)
Registro hecho
 id :26integrantes: Array
(
    [1] => Array
        (
            [rolParticipante] => Madre
            [tipoDoc] => 1
            [numeroDoc] => 123
            [primerNombre] => Daniel
            [segundoNombre] => asd
            [primerApellido] => godoy
            [segundoApellido] => duran
        )

    [2] => Array
        (
            [rolParticipante] => Padre
            [tipoDoc] => 1
            [numeroDoc] => 1023
            [primerNombre] => Daniel
            [segundoNombre] => 
            [primerApellido] => godoy
            [segundoApellido] => 
        )

    [3] => Array
        (
            [rolParticipante] => Padrino
            [tipoDoc] => 4
            [numeroDoc] => 789
            [primerNombre] => as123da
            [segundoNombre] => 
            [primerApellido] => 123sd
            [segundoApellido] => 
        )

    [4] => Array
        (
            [rolParticipante] => Madrina
            [tipoDoc] => 1
            [numeroDoc] => 10233
            [primerNombre] => asd
            [segundoNombre] => 
            [primerApellido] => asdasfq
            [segundoApellido] => 
        )

)
Procesando integrante: Array
(
    [rolParticipante] => Madre
    [tipoDoc] => 1
    [numeroDoc] => 123
    [primerNombre] => Daniel
    [segundoNombre] => asd
    [primerApellido] => godoy
    [segundoApellido] => duran
)
Participante user : Array
(
    [success] => 1
    [id] => 5
)
creado user :  1doc : Procesando integrante: Array
(
    [rolParticipante] => Padre
    [tipoDoc] => 1
    [numeroDoc] => 1023
    [primerNombre] => Daniel
    [segundoNombre] => 
    [primerApellido] => godoy
    [segundoApellido] => 
)
Participante user : Array
(
    [success] => 1
    [id] => 6
)
creado user :  2doc : Procesando integrante: Array
(
    [rolParticipante] => Padrino
    [tipoDoc] => 4
    [numeroDoc] => 789
    [primerNombre] => as123da
    [segundoNombre] => 
    [primerApellido] => 123sd
    [segundoApellido] => 
)
Participante user : Array
(
    [success] => 1
    [id] => 7
)
creado user :  3doc : Procesando integrante: Array
(
    [rolParticipante] => Madrina
    [tipoDoc] => 1
    [numeroDoc] => 10233
    [primerNombre] => asd
    [segundoNombre] => 
    [primerApellido] => asdasfq
    [segundoApellido] => 
)
Participante user : Array
(
    [success] => 1
    [id] => 8
)
creado user :  4doc : Registro hecho
 id :27integrantes: Array
(
    [1] => Array
        (
            [rolParticipante] => Madre
            [tipoDoc] => 1
            [numeroDoc] => 123
            [primerNombre] => Daniel
            [segundoNombre] => asd
            [primerApellido] => godoy
            [segundoApellido] => duran
        )

    [2] => Array
        (
            [rolParticipante] => Padre
            [tipoDoc] => 1
            [numeroDoc] => 1023
            [primerNombre] => Daniel
            [segundoNombre] => 
            [primerApellido] => godoy
            [segundoApellido] => 
        )

    [3] => Array
        (
            [rolParticipante] => Padrino
            [tipoDoc] => 4
            [numeroDoc] => 789
            [primerNombre] => as123da
            [segundoNombre] => 
            [primerApellido] => 123sd
            [segundoApellido] => 
        )

    [4] => Array
        (
            [rolParticipante] => Madrina
            [tipoDoc] => 1
            [numeroDoc] => 10233
            [primerNombre] => asd
            [segundoNombre] => 
            [primerApellido] => asdasfq
            [segundoApellido] => 
        )

    [5] => Array
        (
            [rolParticipante] => 1
            [tipoDoc] => 1
            [numeroDoc] => 12499
            [primerNombre] => Daniel
            [segundoNombre] => 
            [primerApellido] => godoy
            [segundoApellido] => 
        )

)
Procesando integrante: Array
(
    [rolParticipante] => Madre
    [tipoDoc] => 1
    [numeroDoc] => 123
    [primerNombre] => Daniel
    [segundoNombre] => asd
    [primerApellido] => godoy
    [segundoApellido] => duran
)
Participante user : Array
(
    [success] => 1
    [id] => 9
)
creado user :  1doc : Procesando integrante: Array
(
    [rolParticipante] => Padre
    [tipoDoc] => 1
    [numeroDoc] => 1023
    [primerNombre] => Daniel
    [segundoNombre] => 
    [primerApellido] => godoy
    [segundoApellido] => 
)
Participante user : Array
(
    [success] => 1
    [id] => 10
)
creado user :  2doc : Procesando integrante: Array
(
    [rolParticipante] => Padrino
    [tipoDoc] => 4
    [numeroDoc] => 789
    [primerNombre] => as123da
    [segundoNombre] => 
    [primerApellido] => 123sd
    [segundoApellido] => 
)
Participante user : Array
(
    [success] => 1
    [id] => 11
)
creado user :  3doc : Procesando integrante: Array
(
    [rolParticipante] => Madrina
    [tipoDoc] => 1
    [numeroDoc] => 10233
    [primerNombre] => asd
    [segundoNombre] => 
    [primerApellido] => asdasfq
    [segundoApellido] => 
)
Participante user : Array
(
    [success] => 1
    [id] => 12
)
creado user :  4doc : Procesando integrante: Array
(
    [rolParticipante] => 1
    [tipoDoc] => 1
    [numeroDoc] => 12499
    [primerNombre] => Daniel
    [segundoNombre] => 
    [primerApellido] => godoy
    [segundoApellido] => 
)
Participante user : Array
(
    [success] => 1
    [id] => 13
)
creado user :  5doc : Array
(
    [status] => success
    [message] => Feligres registrado correctamente
)
Registro hecho
 id :28integrantes: Array
(
    [1] => Array
        (
            [rolParticipante] => Madre
            [tipoDoc] => 2
            [numeroDoc] => 123
            [primerNombre] => Daniel
            [segundoNombre] => 
            [primerApellido] => asd
            [segundoApellido] => 
        )

)
Procesando integrante: Array
(
    [rolParticipante] => Madre
    [tipoDoc] => 2
    [numeroDoc] => 123
    [primerNombre] => Daniel
    [segundoNombre] => 
    [primerApellido] => asd
    [segundoApellido] => 
)
Participante user : Array
(
    [success] => 1
    [id] => 14
)
creado user :  6doc : Array
(
    [status] => success
    [message] => Feligres registrado correctamente
)
Registro hecho
 id :29integrantes: Array
(
    [1] => Array
        (
            [rolParticipante] => 1
            [tipoDoc] => 1
            [numeroDoc] => 123
            [primerNombre] => Daniel
            [segundoNombre] => asd
            [primerApellido] => godoy
            [segundoApellido] => duran
        )

    [2] => Array
        (
            [rolParticipante] => Madrina
            [tipoDoc] => 1
            [numeroDoc] => 123
            [primerNombre] => Daniel
            [segundoNombre] => asd
            [primerApellido] => godoy
            [segundoApellido] => duran
        )

)
Procesando integrante: Array
(
    [rolParticipante] => 1
    [tipoDoc] => 1
    [numeroDoc] => 123
    [primerNombre] => Daniel
    [segundoNombre] => asd
    [primerApellido] => godoy
    [segundoApellido] => duran
)
Participante user : Array
(
    [success] => 1
    [id] => 15
)
creado user :  1doc : Procesando integrante: Array
(
    [rolParticipante] => Madrina
    [tipoDoc] => 1
    [numeroDoc] => 123
    [primerNombre] => Daniel
    [segundoNombre] => asd
    [primerApellido] => godoy
    [segundoApellido] => duran
)
Participante user : Array
(
    [success] => 1
    [id] => 16
)
creado user :  1doc : Registro hecho
 id :30integrantes: Array
(
    [1] => Array
        (
            [rolParticipante] => Madre
            [tipoDoc] => 2
            [numeroDoc] => 123
            [primerNombre] => Daniel
            [segundoNombre] => 
            [primerApellido] => asd
            [segundoApellido] => 
        )

    [2] => Array
        (
            [rolParticipante] => Padrino
            [tipoDoc] => 1
            [numeroDoc] => 123
            [primerNombre] => Daniel
            [segundoNombre] => asd
            [primerApellido] => godoy
            [segundoApellido] => duran
        )

    [3] => Array
        (
            [rolParticipante] => Padre
            [tipoDoc] => 5
            [numeroDoc] => 123
            [primerNombre] => Daniel
            [segundoNombre] => 
            [primerApellido] => godoy
            [segundoApellido] => 
        )

)
Procesando integrante: Array
(
    [rolParticipante] => Madre
    [tipoDoc] => 2
    [numeroDoc] => 123
    [primerNombre] => Daniel
    [segundoNombre] => 
    [primerApellido] => asd
    [segundoApellido] => 
)
Participante user : Array
(
    [success] => 1
    [id] => 17
)
creado user :  6doc : Procesando integrante: Array
(
    [rolParticipante] => Padrino
    [tipoDoc] => 1
    [numeroDoc] => 123
    [primerNombre] => Daniel
    [segundoNombre] => asd
    [primerApellido] => godoy
    [segundoApellido] => duran
)
Participante user : Array
(
    [success] => 1
    [id] => 18
)
creado user :  1doc : Procesando integrante: Array
(
    [rolParticipante] => Padre
    [tipoDoc] => 5
    [numeroDoc] => 123
    [primerNombre] => Daniel
    [segundoNombre] => 
    [primerApellido] => godoy
    [segundoApellido] => 
)
Participante user : Array
(
    [success] => 1
    [id] => 19
)
creado user :  7doc : Array
(
    [status] => success
    [message] => Feligres registrado correctamente
)
Registro hecho
 id :31integrantes: Array
(
    [1] => Array
        (
            [rolParticipante] => Madre
            [tipoDoc] => 2
            [numeroDoc] => 123
            [primerNombre] => Daniel
            [segundoNombre] => 
            [primerApellido] => asd
            [segundoApellido] => 
        )

    [2] => Array
        (
            [rolParticipante] => Padrino
            [tipoDoc] => 1
            [numeroDoc] => 123
            [primerNombre] => Daniel
            [segundoNombre] => asd
            [primerApellido] => godoy
            [segundoApellido] => duran
        )

    [3] => Array
        (
            [rolParticipante] => Padre
            [tipoDoc] => 5
            [numeroDoc] => 123
            [primerNombre] => Daniel
            [segundoNombre] => 
            [primerApellido] => godoy
            [segundoApellido] => 
        )

)
Procesando integrante: Array
(
    [rolParticipante] => Madre
    [tipoDoc] => 2
    [numeroDoc] => 123
    [primerNombre] => Daniel
    [segundoNombre] => 
    [primerApellido] => asd
    [segundoApellido] => 
)
Participante user : Array
(
    [success] => 1
    [id] => 20
)
creado user :  6doc : Procesando integrante: Array
(
    [rolParticipante] => Padrino
    [tipoDoc] => 1
    [numeroDoc] => 123
    [primerNombre] => Daniel
    [segundoNombre] => asd
    [primerApellido] => godoy
    [segundoApellido] => duran
)
Participante user : Array
(
    [success] => 1
    [id] => 21
)
creado user :  1doc : Procesando integrante: Array
(
    [rolParticipante] => Padre
    [tipoDoc] => 5
    [numeroDoc] => 123
    [primerNombre] => Daniel
    [segundoNombre] => 
    [primerApellido] => godoy
    [segundoApellido] => 
)
Participante user : Array
(
    [success] => 1
    [id] => 22
)
creado user :  7doc : Registro hecho
 id :32integrantes: Array
(
    [1] => Array
        (
            [rolParticipante] => Madre
            [tipoDoc] => 1
            [numeroDoc] => 123
            [primerNombre] => Daniel
            [segundoNombre] => asd
            [primerApellido] => godoy
            [segundoApellido] => duran
        )

)
Procesando integrante: Array
(
    [rolParticipante] => Madre
    [tipoDoc] => 1
    [numeroDoc] => 123
    [primerNombre] => Daniel
    [segundoNombre] => asd
    [primerApellido] => godoy
    [segundoApellido] => duran
)
Participante user : Array
(
    [success] => 1
    [id] => 23
)
creado user :  1doc : Registro hecho
 id :33integrantes: Array
(
    [1] => Array
        (
            [rolParticipante] => 1
            [tipoDoc] => 1
            [numeroDoc] => 1023
            [primerNombre] => Daniel
            [segundoNombre] => 
            [primerApellido] => godoy
            [segundoApellido] => 
        )

)
Procesando integrante: Array
(
    [rolParticipante] => 1
    [tipoDoc] => 1
    [numeroDoc] => 1023
    [primerNombre] => Daniel
    [segundoNombre] => 
    [primerApellido] => godoy
    [segundoApellido] => 
)
Participante user : Array
(
    [success] => 1
    [id] => 24
)
creado user :  2doc : Registro hecho
 id :34